<?xml version="1.0" encoding="UTF-8"?>
<!-- Generated by org.testng.reporters.JUnitXMLReporter -->
<testsuite ignored="0" hostname="DESKTOP-GJI5FHA" failures="1" tests="1" name="Command line test" time="10.825" errors="0" timestamp="2021-04-30T17:43:31 COT">
  <testcase classname="io.cucumber.testng.AbstractTestNGCucumberTests" name="runScenario" time="10.537">
    <failure type="java.lang.AssertionError" message="expected [An account using this email address has already been registered. Please enter a valid password or request a new one.] but found [true]">
      <![CDATA[java.lang.AssertionError: expected [An account using this email address has already been registered. Please enter a valid password or request a new one.] but found [true]
at Steps.AppTest.Step3(AppTest.java:60)
at ✽.I write(file:///C:/Users/Angelo/Desktop/git/Cucumber/src/test/java/features/feature.feature:27)
... Removed 5 stack frames]]>
    </failure>
  </testcase> <!-- runScenario -->
</testsuite> <!-- Command line test -->
