<?xml version="1.0" encoding="UTF-8" ?>
<testsuite tests="1" failures="1" name="TestSuite" time="10.541" errors="0" skipped="0">
  <properties>
[...]
</properties>
  <testcase classname="RunCukesTest" name="runScenario" time="10.541">
    <failure message="expected [An account using this email address has already been registered. Please enter a valid password or request a new one.] but found [true]" type="java.lang.AssertionError">java.lang.AssertionError: expected [An account using this email address has already been registered. Please enter a valid password or request a new one.] but found [true]
	at org.testng.Assert.fail(Assert.java:99)
	at org.testng.Assert.failNotEquals(Assert.java:1037)
	at org.testng.Assert.assertEqualsImpl(Assert.java:140)
	at org.testng.Assert.assertEquals(Assert.java:122)
	at org.testng.Assert.assertEquals(Assert.java:617)
	at Steps.AppTest.Step3(AppTest.java:60)
	at ✽.I write(file:///C:/Users/Angelo/Desktop/git/Cucumber/src/test/java/features/feature.feature:27)
</failure>
    <system-out>Configuring TestNG with: org.apache.maven.surefire.testng.conf.TestNG652Configurator@1060b431
</system-out>
    <system-err>SLF4J: Failed to load class &quot;org.slf4j.impl.StaticLoggerBinder&quot;.
SLF4J: Defaulting to no-operation (NOP) logger implementation
SLF4J: See http://www.slf4j.org/codes.html#StaticLoggerBinder for further details.
Starting ChromeDriver 90.0.4430.24 (4c6d850f087da467d926e8eddb76550aed655991-refs/branch-heads/4430@{#429}) on port 11963
Only local connections are allowed.
Please see https://chromedriver.chromium.org/security-considerations for suggestions on keeping ChromeDriver safe.
ChromeDriver was started successfully.
abr. 30, 2021 5:43:22 P. M. org.openqa.selenium.remote.ProtocolHandshake createSession
INFORMACIÓN: Detected dialect: W3C
</system-err>
  </testcase>
</testsuite>