<?xml version="1.0" encoding="UTF-8"?>
<testng-results ignored="0" total="0" passed="0" failed="0" skipped="0">
  <reporter-output>
  </reporter-output>
  <suite started-at="2021-04-30T15:19:45 COT" name="Default suite" finished-at="2021-04-30T15:19:46 COT" duration-ms="223">
    <groups>
      <group name="cucumber">
        <method signature="AbstractTestNGCucumberTests.runScenario(io.cucumber.testng.PickleWrapper,io.cucumber.testng.FeatureWrapper)[pri:0, instance:RunCukesTest@51e69659]" name="runScenario" class="io.cucumber.testng.AbstractTestNGCucumberTests"/>
      </group> <!-- cucumber -->
    </groups>
    <test started-at="2021-04-30T15:19:45 COT" name="Default test" finished-at="2021-04-30T15:19:46 COT" duration-ms="223">
      <class name="RunCukesTest">
        <test-method is-config="true" signature="setUpClass()[pri:0, instance:RunCukesTest@51e69659]" started-at="2021-04-30T15:19:45 COT" name="setUpClass" finished-at="2021-04-30T15:19:46 COT" duration-ms="193" status="PASS">
          <reporter-output>
          </reporter-output>
        </test-method> <!-- setUpClass -->
        <test-method is-config="true" signature="tearDownClass()[pri:0, instance:RunCukesTest@51e69659]" started-at="2021-04-30T15:19:46 COT" name="tearDownClass" finished-at="2021-04-30T15:19:46 COT" duration-ms="7" status="PASS">
          <reporter-output>
          </reporter-output>
        </test-method> <!-- tearDownClass -->
      </class> <!-- RunCukesTest -->
    </test> <!-- Default test -->
  </suite> <!-- Default suite -->
</testng-results>
