<?xml version="1.0" encoding="UTF-8"?>
<!-- Generated by org.testng.reporters.JUnitReportReporter -->
<testsuite hostname="DESKTOP-GJI5FHA" failures="1" tests="1" name="RunCukesTest" time="10.537" errors="0" timestamp="2021-04-30T17:43:31 COT" skipped="0">
  <testcase classname="RunCukesTest" name="runScenario" time="10.537">
    <failure message="expected [An account using this email address has already been registered. Please enter a valid password or request a new one.] but found [true]" type="java.lang.AssertionError">
      <![CDATA[java.lang.AssertionError: expected [An account using this email address has already been registered. Please enter a valid password or request a new one.] but found [true]
at org.testng.Assert.fail(Assert.java:99)
at org.testng.Assert.failNotEquals(Assert.java:1037)
at org.testng.Assert.assertEqualsImpl(Assert.java:140)
at org.testng.Assert.assertEquals(Assert.java:122)
at org.testng.Assert.assertEquals(Assert.java:617)
at Steps.AppTest.Step3(AppTest.java:60)
at ✽.I write(file:///C:/Users/Angelo/Desktop/git/Cucumber/src/test/java/features/feature.feature:27)
]]>
    </failure>
  </testcase> <!-- runScenario -->
  <system-out/>
</testsuite> <!-- RunCukesTest -->
